10000	g	0	10	0.000000
10000	p	0	10	0.000090
10000	c	0	10	0.000000
10000	t	0	10	0.000092
10000	g	1	10	0.000000
10000	p	1	10	0.000087
10000	c	1	10	0.000000
10000	t	1	10	0.000088
10000	g	2	10	0.000000
10000	p	2	10	0.000089
10000	c	2	10	0.000000
10000	t	2	10	0.000090
10000	g	3	10	0.000000
10000	p	3	10	0.000087
10000	c	3	10	0.000000
10000	t	3	10	0.000087
10000	g	5	10	0.000000
10000	p	5	10	0.000084
10000	c	5	10	0.000000
10000	t	5	10	0.000084
10000	g	6	10	0.000000
10000	p	6	10	0.000088
10000	c	6	10	0.000000
10000	t	6	10	0.000089
10000	g	7	10	0.000000
10000	p	7	10	0.000085
10000	c	7	10	0.000000
10000	t	7	10	0.000085
10000	g	8	10	0.000000
10000	p	8	10	0.000085
10000	c	8	10	0.000000
10000	t	8	10	0.000086
10000	g	9	10	0.000000
10000	p	9	10	0.000092
10000	c	9	10	0.000000
10000	t	9	10	0.000092

===================================================================================
=   BAD TERMINATION OF ONE OF YOUR APPLICATION PROCESSES
=   EXIT CODE: 11
=   CLEANING UP REMAINING PROCESSES
=   YOU CAN IGNORE THE BELOW CLEANUP MESSAGES
===================================================================================
YOUR APPLICATION TERMINATED WITH THE EXIT STRING: Segmentation fault (signal 11)
This typically refers to a problem with your application.
Please see the FAQ page for debugging suggestions
Job complete
